         0	  0	Key(KeyEvent { code: Enter, modifiers: KeyModifiers(0x0), kind: Release, state: KeyEventState(0x0) }) []
         0	  0	Resize(107, 38) []
        26	  0	Mouse(MouseEvent { kind: Moved, column: 93, row: 21, modifiers: KeyModifiers(0x0) }) []
       229	  1	MissedMove
       323	  1	Key(KeyEvent { code: Down, modifiers: KeyModifiers(0x0), kind: Press, state: KeyEventState(0x0) }) [Down]
       824	  4	Key(KeyEvent { code: Down, modifiers: KeyModifiers(0x0), kind: Press, state: KeyEventState(0x0) }) [Down]
       873	  4	Key(KeyEvent { code: Down, modifiers: KeyModifiers(0x0), kind: Press, state: KeyEventState(0x0) }) [Down]
       904	  4	Key(KeyEvent { code: Down, modifiers: KeyModifiers(0x0), kind: Press, state: KeyEventState(0x0) }) [Down]
       936	  4	Key(KeyEvent { code: Down, modifiers: KeyModifiers(0x0), kind: Press, state: KeyEventState(0x0) }) [Down]
       968	  4	Key(KeyEvent { code: Down, modifiers: KeyModifiers(0x0), kind: Press, state: KeyEventState(0x0) }) [Down]
       998	  4	Key(KeyEvent { code: Down, modifiers: KeyModifiers(0x0), kind: Press, state: KeyEventState(0x0) }) [Down]
      1030	  5	Key(KeyEvent { code: Down, modifiers: KeyModifiers(0x0), kind: Press, state: KeyEventState(0x0) }) [Down]
      1076	  5	Key(KeyEvent { code: Down, modifiers: KeyModifiers(0x0), kind: Press, state: KeyEventState(0x0) }) [Down]
      1108	  5	Key(KeyEvent { code: Down, modifiers: KeyModifiers(0x0), kind: Press, state: KeyEventState(0x0) }) [Down]
      1139	  5	Key(KeyEvent { code: Down, modifiers: KeyModifiers(0x0), kind: Press, state: KeyEventState(0x0) }) [Down]
      1170	  5	Key(KeyEvent { code: Down, modifiers: KeyModifiers(0x0), kind: Press, state: KeyEventState(0x0) }) [Down]
      1201	  6	Key(KeyEvent { code: Down, modifiers: KeyModifiers(0x0), kind: Press, state: KeyEventState(0x0) }) [Down]
      1233	  6	Key(KeyEvent { code: Down, modifiers: KeyModifiers(0x0), kind: Press, state: KeyEventState(0x0) }) [Down]
      1265	  6	Key(KeyEvent { code: Down, modifiers: KeyModifiers(0x0), kind: Press, state: KeyEventState(0x0) }) [Down]
      1295	  6	Key(KeyEvent { code: Down, modifiers: KeyModifiers(0x0), kind: Press, state: KeyEventState(0x0) }) [Down]
      1327	  6	Key(KeyEvent { code: Down, modifiers: KeyModifiers(0x0), kind: Press, state: KeyEventState(0x0) }) [Down]
      1373	  6	Key(KeyEvent { code: Down, modifiers: KeyModifiers(0x0), kind: Press, state: KeyEventState(0x0) }) [Down]
      1404	  7	Key(KeyEvent { code: Down, modifiers: KeyModifiers(0x0), kind: Press, state: KeyEventState(0x0) }) [Down]
      1436	  7	Key(KeyEvent { code: Down, modifiers: KeyModifiers(0x0), kind: Press, state: KeyEventState(0x0) }) [Down]
      1467	  7	Key(KeyEvent { code: Down, modifiers: KeyModifiers(0x0), kind: Press, state: KeyEventState(0x0) }) [Down]
      1485	  7	Key(KeyEvent { code: Down, modifiers: KeyModifiers(0x0), kind: Press, state: KeyEventState(0x0) }) [Down]
      1529	  7	Key(KeyEvent { code: Down, modifiers: KeyModifiers(0x0), kind: Press, state: KeyEventState(0x0) }) [Down]
      1560	  7	Key(KeyEvent { code: Down, modifiers: KeyModifiers(0x0), kind: Press, state: KeyEventState(0x0) }) [Down]
      1592	  7	Key(KeyEvent { code: Down, modifiers: KeyModifiers(0x0), kind: Press, state: KeyEventState(0x0) }) [Down]
      1623	  8	Key(KeyEvent { code: Down, modifiers: KeyModifiers(0x0), kind: Press, state: KeyEventState(0x0) }) [Down]
      1670	  8	Key(KeyEvent { code: Down, modifiers: KeyModifiers(0x0), kind: Press, state: KeyEventState(0x0) }) [Down]
      1702	  8	Key(KeyEvent { code: Down, modifiers: KeyModifiers(0x0), kind: Press, state: KeyEventState(0x0) }) [Down]
      1733	  8	Key(KeyEvent { code: Down, modifiers: KeyModifiers(0x0), kind: Press, state: KeyEventState(0x0) }) [Down]
      1739	  8	Key(KeyEvent { code: Left, modifiers: KeyModifiers(0x0), kind: Press, state: KeyEventState(0x0) }) [Down, Left]
      2120	 10	Key(KeyEvent { code: Down, modifiers: KeyModifiers(0x0), kind: Release, state: KeyEventState(0x0) }) [Left]
      2590	 12	Key(KeyEvent { code: Down, modifiers: KeyModifiers(0x0), kind: Press, state: KeyEventState(0x0) }) [Left, Down]
      3089	 15	Key(KeyEvent { code: Down, modifiers: KeyModifiers(0x0), kind: Press, state: KeyEventState(0x0) }) [Left, Down]
      3136	 15	Key(KeyEvent { code: Down, modifiers: KeyModifiers(0x0), kind: Press, state: KeyEventState(0x0) }) [Left, Down]
      3138	 15	Key(KeyEvent { code: Down, modifiers: KeyModifiers(0x0), kind: Release, state: KeyEventState(0x0) }) [Left]
      4654	 23	Key(KeyEvent { code: Up, modifiers: KeyModifiers(0x0), kind: Press, state: KeyEventState(0x0) }) [Left, Up]
      5152	 25	Key(KeyEvent { code: Up, modifiers: KeyModifiers(0x0), kind: Press, state: KeyEventState(0x0) }) [Left, Up]
      5200	 26	Key(KeyEvent { code: Up, modifiers: KeyModifiers(0x0), kind: Press, state: KeyEventState(0x0) }) [Left, Up]
      5231	 26	Key(KeyEvent { code: Up, modifiers: KeyModifiers(0x0), kind: Press, state: KeyEventState(0x0) }) [Left, Up]
      5262	 26	Key(KeyEvent { code: Up, modifiers: KeyModifiers(0x0), kind: Press, state: KeyEventState(0x0) }) [Left, Up]
      5293	 26	Key(KeyEvent { code: Up, modifiers: KeyModifiers(0x0), kind: Press, state: KeyEventState(0x0) }) [Left, Up]
      5325	 26	Key(KeyEvent { code: Up, modifiers: KeyModifiers(0x0), kind: Press, state: KeyEventState(0x0) }) [Left, Up]
      5372	 26	Key(KeyEvent { code: Up, modifiers: KeyModifiers(0x0), kind: Press, state: KeyEventState(0x0) }) [Left, Up]
      5404	 27	Key(KeyEvent { code: Up, modifiers: KeyModifiers(0x0), kind: Press, state: KeyEventState(0x0) }) [Left, Up]
      5435	 27	Key(KeyEvent { code: Up, modifiers: KeyModifiers(0x0), kind: Press, state: KeyEventState(0x0) }) [Left, Up]
      5466	 27	Key(KeyEvent { code: Up, modifiers: KeyModifiers(0x0), kind: Press, state: KeyEventState(0x0) }) [Left, Up]
      5498	 27	Key(KeyEvent { code: Up, modifiers: KeyModifiers(0x0), kind: Press, state: KeyEventState(0x0) }) [Left, Up]
      5529	 27	Key(KeyEvent { code: Up, modifiers: KeyModifiers(0x0), kind: Press, state: KeyEventState(0x0) }) [Left, Up]
      5560	 27	Key(KeyEvent { code: Up, modifiers: KeyModifiers(0x0), kind: Press, state: KeyEventState(0x0) }) [Left, Up]
      5592	 27	Key(KeyEvent { code: Up, modifiers: KeyModifiers(0x0), kind: Press, state: KeyEventState(0x0) }) [Left, Up]
      5623	 28	Key(KeyEvent { code: Up, modifiers: KeyModifiers(0x0), kind: Press, state: KeyEventState(0x0) }) [Left, Up]
      5654	 28	Key(KeyEvent { code: Up, modifiers: KeyModifiers(0x0), kind: Press, state: KeyEventState(0x0) }) [Left, Up]
      5700	 28	Key(KeyEvent { code: Up, modifiers: KeyModifiers(0x0), kind: Press, state: KeyEventState(0x0) }) [Left, Up]
      5731	 28	Key(KeyEvent { code: Up, modifiers: KeyModifiers(0x0), kind: Press, state: KeyEventState(0x0) }) [Left, Up]
      5762	 28	Key(KeyEvent { code: Up, modifiers: KeyModifiers(0x0), kind: Press, state: KeyEventState(0x0) }) [Left, Up]
      5793	 28	Key(KeyEvent { code: Up, modifiers: KeyModifiers(0x0), kind: Press, state: KeyEventState(0x0) }) [Left, Up]
      5824	 29	Key(KeyEvent { code: Up, modifiers: KeyModifiers(0x0), kind: Press, state: KeyEventState(0x0) }) [Left, Up]
      5856	 29	Key(KeyEvent { code: Up, modifiers: KeyModifiers(0x0), kind: Press, state: KeyEventState(0x0) }) [Left, Up]
      5887	 29	Key(KeyEvent { code: Up, modifiers: KeyModifiers(0x0), kind: Press, state: KeyEventState(0x0) }) [Left, Up]
      5917	 29	Key(KeyEvent { code: Up, modifiers: KeyModifiers(0x0), kind: Press, state: KeyEventState(0x0) }) [Left, Up]
      5964	 29	Key(KeyEvent { code: Up, modifiers: KeyModifiers(0x0), kind: Press, state: KeyEventState(0x0) }) [Left, Up]
      5995	 29	Key(KeyEvent { code: Up, modifiers: KeyModifiers(0x0), kind: Press, state: KeyEventState(0x0) }) [Left, Up]
      6027	 30	Key(KeyEvent { code: Up, modifiers: KeyModifiers(0x0), kind: Press, state: KeyEventState(0x0) }) [Left, Up]
      6058	 30	Key(KeyEvent { code: Up, modifiers: KeyModifiers(0x0), kind: Press, state: KeyEventState(0x0) }) [Left, Up]
      6090	 30	Key(KeyEvent { code: Up, modifiers: KeyModifiers(0x0), kind: Press, state: KeyEventState(0x0) }) [Left, Up]
      6120	 30	Key(KeyEvent { code: Up, modifiers: KeyModifiers(0x0), kind: Press, state: KeyEventState(0x0) }) [Left, Up]
      6152	 30	Key(KeyEvent { code: Up, modifiers: KeyModifiers(0x0), kind: Press, state: KeyEventState(0x0) }) [Left, Up]
      6182	 30	Key(KeyEvent { code: Up, modifiers: KeyModifiers(0x0), kind: Press, state: KeyEventState(0x0) }) [Left, Up]
      6229	 31	Key(KeyEvent { code: Up, modifiers: KeyModifiers(0x0), kind: Press, state: KeyEventState(0x0) }) [Left, Up]
      6261	 31	Key(KeyEvent { code: Up, modifiers: KeyModifiers(0x0), kind: Press, state: KeyEventState(0x0) }) [Left, Up]
      6292	 31	Key(KeyEvent { code: Up, modifiers: KeyModifiers(0x0), kind: Press, state: KeyEventState(0x0) }) [Left, Up]
      6323	 31	Key(KeyEvent { code: Up, modifiers: KeyModifiers(0x0), kind: Press, state: KeyEventState(0x0) }) [Left, Up]
      6354	 31	Key(KeyEvent { code: Up, modifiers: KeyModifiers(0x0), kind: Press, state: KeyEventState(0x0) }) [Left, Up]
      6386	 31	Key(KeyEvent { code: Up, modifiers: KeyModifiers(0x0), kind: Press, state: KeyEventState(0x0) }) [Left, Up]
      6417	 32	Key(KeyEvent { code: Up, modifiers: KeyModifiers(0x0), kind: Press, state: KeyEventState(0x0) }) [Left, Up]
      6448	 32	Key(KeyEvent { code: Up, modifiers: KeyModifiers(0x0), kind: Press, state: KeyEventState(0x0) }) [Left, Up]
      6479	 32	Key(KeyEvent { code: Up, modifiers: KeyModifiers(0x0), kind: Press, state: KeyEventState(0x0) }) [Left, Up]
      6526	 32	Key(KeyEvent { code: Up, modifiers: KeyModifiers(0x0), kind: Press, state: KeyEventState(0x0) }) [Left, Up]
      6558	 32	Key(KeyEvent { code: Up, modifiers: KeyModifiers(0x0), kind: Press, state: KeyEventState(0x0) }) [Left, Up]
      6589	 32	Key(KeyEvent { code: Up, modifiers: KeyModifiers(0x0), kind: Press, state: KeyEventState(0x0) }) [Left, Up]
      6619	 33	Key(KeyEvent { code: Up, modifiers: KeyModifiers(0x0), kind: Press, state: KeyEventState(0x0) }) [Left, Up]
      6650	 33	Key(KeyEvent { code: Up, modifiers: KeyModifiers(0x0), kind: Press, state: KeyEventState(0x0) }) [Left, Up]
      6681	 33	Key(KeyEvent { code: Up, modifiers: KeyModifiers(0x0), kind: Press, state: KeyEventState(0x0) }) [Left, Up]
      6712	 33	Key(KeyEvent { code: Up, modifiers: KeyModifiers(0x0), kind: Press, state: KeyEventState(0x0) }) [Left, Up]
      6744	 33	Key(KeyEvent { code: Up, modifiers: KeyModifiers(0x0), kind: Press, state: KeyEventState(0x0) }) [Left, Up]
      6790	 33	Key(KeyEvent { code: Up, modifiers: KeyModifiers(0x0), kind: Press, state: KeyEventState(0x0) }) [Left, Up]
      6821	 34	Key(KeyEvent { code: Up, modifiers: KeyModifiers(0x0), kind: Press, state: KeyEventState(0x0) }) [Left, Up]
      6853	 34	Key(KeyEvent { code: Up, modifiers: KeyModifiers(0x0), kind: Press, state: KeyEventState(0x0) }) [Left, Up]
      6885	 34	Key(KeyEvent { code: Up, modifiers: KeyModifiers(0x0), kind: Press, state: KeyEventState(0x0) }) [Left, Up]
      6916	 34	Key(KeyEvent { code: Up, modifiers: KeyModifiers(0x0), kind: Press, state: KeyEventState(0x0) }) [Left, Up]
      6947	 34	Key(KeyEvent { code: Up, modifiers: KeyModifiers(0x0), kind: Press, state: KeyEventState(0x0) }) [Left, Up]
      6978	 34	Key(KeyEvent { code: Up, modifiers: KeyModifiers(0x0), kind: Press, state: KeyEventState(0x0) }) [Left, Up]
      7008	 35	Key(KeyEvent { code: Up, modifiers: KeyModifiers(0x0), kind: Press, state: KeyEventState(0x0) }) [Left, Up]
      7055	 35	Key(KeyEvent { code: Up, modifiers: KeyModifiers(0x0), kind: Press, state: KeyEventState(0x0) }) [Left, Up]
      7086	 35	Key(KeyEvent { code: Up, modifiers: KeyModifiers(0x0), kind: Press, state: KeyEventState(0x0) }) [Left, Up]
      7118	 35	Key(KeyEvent { code: Up, modifiers: KeyModifiers(0x0), kind: Press, state: KeyEventState(0x0) }) [Left, Up]
      7149	 35	Key(KeyEvent { code: Up, modifiers: KeyModifiers(0x0), kind: Press, state: KeyEventState(0x0) }) [Left, Up]
      7180	 35	Key(KeyEvent { code: Up, modifiers: KeyModifiers(0x0), kind: Press, state: KeyEventState(0x0) }) [Left, Up]
      7212	 36	Key(KeyEvent { code: Up, modifiers: KeyModifiers(0x0), kind: Press, state: KeyEventState(0x0) }) [Left, Up]
      7243	 36	Key(KeyEvent { code: Up, modifiers: KeyModifiers(0x0), kind: Press, state: KeyEventState(0x0) }) [Left, Up]
      7274	 36	Key(KeyEvent { code: Up, modifiers: KeyModifiers(0x0), kind: Press, state: KeyEventState(0x0) }) [Left, Up]
      7305	 36	Key(KeyEvent { code: Up, modifiers: KeyModifiers(0x0), kind: Press, state: KeyEventState(0x0) }) [Left, Up]
      7351	 36	Key(KeyEvent { code: Up, modifiers: KeyModifiers(0x0), kind: Press, state: KeyEventState(0x0) }) [Left, Up]
      7382	 36	Key(KeyEvent { code: Up, modifiers: KeyModifiers(0x0), kind: Press, state: KeyEventState(0x0) }) [Left, Up]
      7413	 37	Key(KeyEvent { code: Up, modifiers: KeyModifiers(0x0), kind: Press, state: KeyEventState(0x0) }) [Left, Up]
      7445	 37	Key(KeyEvent { code: Up, modifiers: KeyModifiers(0x0), kind: Press, state: KeyEventState(0x0) }) [Left, Up]
      7476	 37	Key(KeyEvent { code: Up, modifiers: KeyModifiers(0x0), kind: Press, state: KeyEventState(0x0) }) [Left, Up]
      7506	 37	Key(KeyEvent { code: Up, modifiers: KeyModifiers(0x0), kind: Press, state: KeyEventState(0x0) }) [Left, Up]
      7538	 37	Key(KeyEvent { code: Up, modifiers: KeyModifiers(0x0), kind: Press, state: KeyEventState(0x0) }) [Left, Up]
      7569	 37	Key(KeyEvent { code: Up, modifiers: KeyModifiers(0x0), kind: Press, state: KeyEventState(0x0) }) [Left, Up]
      7615	 38	Key(KeyEvent { code: Up, modifiers: KeyModifiers(0x0), kind: Press, state: KeyEventState(0x0) }) [Left, Up]
      7647	 38	Key(KeyEvent { code: Up, modifiers: KeyModifiers(0x0), kind: Press, state: KeyEventState(0x0) }) [Left, Up]
      7678	 38	Key(KeyEvent { code: Up, modifiers: KeyModifiers(0x0), kind: Press, state: KeyEventState(0x0) }) [Left, Up]
      7709	 38	Key(KeyEvent { code: Up, modifiers: KeyModifiers(0x0), kind: Press, state: KeyEventState(0x0) }) [Left, Up]
      7741	 38	Key(KeyEvent { code: Up, modifiers: KeyModifiers(0x0), kind: Press, state: KeyEventState(0x0) }) [Left, Up]
      7773	 38	Key(KeyEvent { code: Up, modifiers: KeyModifiers(0x0), kind: Press, state: KeyEventState(0x0) }) [Left, Up]
      7804	 39	Key(KeyEvent { code: Up, modifiers: KeyModifiers(0x0), kind: Press, state: KeyEventState(0x0) }) [Left, Up]
      7835	 39	Key(KeyEvent { code: Up, modifiers: KeyModifiers(0x0), kind: Press, state: KeyEventState(0x0) }) [Left, Up]
      7866	 39	Key(KeyEvent { code: Up, modifiers: KeyModifiers(0x0), kind: Press, state: KeyEventState(0x0) }) [Left, Up]
      7912	 39	Key(KeyEvent { code: Up, modifiers: KeyModifiers(0x0), kind: Press, state: KeyEventState(0x0) }) [Left, Up]
      7943	 39	Key(KeyEvent { code: Up, modifiers: KeyModifiers(0x0), kind: Press, state: KeyEventState(0x0) }) [Left, Up]
      7974	 39	Key(KeyEvent { code: Up, modifiers: KeyModifiers(0x0), kind: Press, state: KeyEventState(0x0) }) [Left, Up]
      8006	 40	Key(KeyEvent { code: Up, modifiers: KeyModifiers(0x0), kind: Press, state: KeyEventState(0x0) }) [Left, Up]
      8037	 40	Key(KeyEvent { code: Up, modifiers: KeyModifiers(0x0), kind: Press, state: KeyEventState(0x0) }) [Left, Up]
      8069	 40	Key(KeyEvent { code: Up, modifiers: KeyModifiers(0x0), kind: Press, state: KeyEventState(0x0) }) [Left, Up]
      8100	 40	Key(KeyEvent { code: Up, modifiers: KeyModifiers(0x0), kind: Press, state: KeyEventState(0x0) }) [Left, Up]
      8131	 40	Key(KeyEvent { code: Up, modifiers: KeyModifiers(0x0), kind: Press, state: KeyEventState(0x0) }) [Left, Up]
      8163	 40	Key(KeyEvent { code: Up, modifiers: KeyModifiers(0x0), kind: Press, state: KeyEventState(0x0) }) [Left, Up]
      8209	 41	Key(KeyEvent { code: Up, modifiers: KeyModifiers(0x0), kind: Press, state: KeyEventState(0x0) }) [Left, Up]
      8241	 41	Key(KeyEvent { code: Up, modifiers: KeyModifiers(0x0), kind: Press, state: KeyEventState(0x0) }) [Left, Up]
      8272	 41	Key(KeyEvent { code: Up, modifiers: KeyModifiers(0x0), kind: Press, state: KeyEventState(0x0) }) [Left, Up]
      8303	 41	Key(KeyEvent { code: Up, modifiers: KeyModifiers(0x0), kind: Press, state: KeyEventState(0x0) }) [Left, Up]
      8335	 41	Key(KeyEvent { code: Up, modifiers: KeyModifiers(0x0), kind: Press, state: KeyEventState(0x0) }) [Left, Up]
      8366	 41	Key(KeyEvent { code: Up, modifiers: KeyModifiers(0x0), kind: Press, state: KeyEventState(0x0) }) [Left, Up]
      8397	 41	Key(KeyEvent { code: Up, modifiers: KeyModifiers(0x0), kind: Press, state: KeyEventState(0x0) }) [Left, Up]
      8428	 42	Key(KeyEvent { code: Up, modifiers: KeyModifiers(0x0), kind: Press, state: KeyEventState(0x0) }) [Left, Up]
      8473	 42	Key(KeyEvent { code: Up, modifiers: KeyModifiers(0x0), kind: Press, state: KeyEventState(0x0) }) [Left, Up]
      8504	 42	Key(KeyEvent { code: Up, modifiers: KeyModifiers(0x0), kind: Press, state: KeyEventState(0x0) }) [Left, Up]
      8536	 42	Key(KeyEvent { code: Up, modifiers: KeyModifiers(0x0), kind: Press, state: KeyEventState(0x0) }) [Left, Up]
      8568	 42	Key(KeyEvent { code: Up, modifiers: KeyModifiers(0x0), kind: Press, state: KeyEventState(0x0) }) [Left, Up]
      8599	 42	Key(KeyEvent { code: Up, modifiers: KeyModifiers(0x0), kind: Press, state: KeyEventState(0x0) }) [Left, Up]
      8630	 43	Key(KeyEvent { code: Up, modifiers: KeyModifiers(0x0), kind: Press, state: KeyEventState(0x0) }) [Left, Up]
      8661	 43	Key(KeyEvent { code: Up, modifiers: KeyModifiers(0x0), kind: Press, state: KeyEventState(0x0) }) [Left, Up]
      8692	 43	Key(KeyEvent { code: Up, modifiers: KeyModifiers(0x0), kind: Press, state: KeyEventState(0x0) }) [Left, Up]
      8723	 43	Key(KeyEvent { code: Up, modifiers: KeyModifiers(0x0), kind: Press, state: KeyEventState(0x0) }) [Left, Up]
      8769	 43	Key(KeyEvent { code: Up, modifiers: KeyModifiers(0x0), kind: Press, state: KeyEventState(0x0) }) [Left, Up]
      8800	 44	Key(KeyEvent { code: Up, modifiers: KeyModifiers(0x0), kind: Press, state: KeyEventState(0x0) }) [Left, Up]
      8831	 44	Key(KeyEvent { code: Up, modifiers: KeyModifiers(0x0), kind: Press, state: KeyEventState(0x0) }) [Left, Up]
      8862	 44	Key(KeyEvent { code: Up, modifiers: KeyModifiers(0x0), kind: Press, state: KeyEventState(0x0) }) [Left, Up]
      8893	 44	Key(KeyEvent { code: Up, modifiers: KeyModifiers(0x0), kind: Press, state: KeyEventState(0x0) }) [Left, Up]
      8925	 44	Key(KeyEvent { code: Up, modifiers: KeyModifiers(0x0), kind: Press, state: KeyEventState(0x0) }) [Left, Up]
      8956	 44	Key(KeyEvent { code: Up, modifiers: KeyModifiers(0x0), kind: Press, state: KeyEventState(0x0) }) [Left, Up]
      8961	 44	Key(KeyEvent { code: Left, modifiers: KeyModifiers(0x0), kind: Release, state: KeyEventState(0x0) }) [Up]
      9470	 47	Key(KeyEvent { code: Up, modifiers: KeyModifiers(0x0), kind: Press, state: KeyEventState(0x0) }) [Up]
      9501	 47	Key(KeyEvent { code: Up, modifiers: KeyModifiers(0x0), kind: Press, state: KeyEventState(0x0) }) [Up]
      9548	 47	Key(KeyEvent { code: Up, modifiers: KeyModifiers(0x0), kind: Press, state: KeyEventState(0x0) }) [Up]
      9579	 47	Key(KeyEvent { code: Up, modifiers: KeyModifiers(0x0), kind: Press, state: KeyEventState(0x0) }) [Up]
      9583	 47	Key(KeyEvent { code: Left, modifiers: KeyModifiers(0x0), kind: Press, state: KeyEventState(0x0) }) [Up, Left]
      9953	 49	Key(KeyEvent { code: Left, modifiers: KeyModifiers(0x0), kind: Release, state: KeyEventState(0x0) }) [Up]
     10311	 51	Key(KeyEvent { code: Left, modifiers: KeyModifiers(0x0), kind: Press, state: KeyEventState(0x0) }) [Up, Left]
     10609	 53	Key(KeyEvent { code: Left, modifiers: KeyModifiers(0x0), kind: Release, state: KeyEventState(0x0) }) [Up]
     10908	 54	Key(KeyEvent { code: Left, modifiers: KeyModifiers(0x0), kind: Press, state: KeyEventState(0x0) }) [Up, Left]
     11424	 57	Key(KeyEvent { code: Left, modifiers: KeyModifiers(0x0), kind: Press, state: KeyEventState(0x0) }) [Up, Left]
     11472	 57	Key(KeyEvent { code: Left, modifiers: KeyModifiers(0x0), kind: Press, state: KeyEventState(0x0) }) [Up, Left]
     11503	 57	Key(KeyEvent { code: Left, modifiers: KeyModifiers(0x0), kind: Press, state: KeyEventState(0x0) }) [Up, Left]
     11509	 57	Key(KeyEvent { code: Up, modifiers: KeyModifiers(0x0), kind: Release, state: KeyEventState(0x0) }) [Left]
